Using pre-set license
Built from '2021.1/staging' branch; Version is '2021.1.6f1 (c0fade0cc7e9) revision 12647134'; Using compiler version '192528614'; Build Type 'Release'
OS: 'Windows 10 Pro; OS build 19043.1586; Version 2009; 64bit' Language: 'ru' Physical Memory: 8120 MB
BatchMode: 1, IsHumanControllingUs: 0, StartBugReporterOnCrash: 0, Is64bit: 1, IsPro: 0

 COMMAND LINE ARGUMENTS:
D:\Game\Unity\2021.1.6f1\Editor\Unity.exe
-adb2
-batchMode
-noUpm
-name
AssetImportWorker1
-projectPath
C:/Users/khali/Documents/GitHub/EmoteChess
-logFile
Logs/AssetImportWorker1.log
-srvPort
51148
Successfully changed project path to: C:/Users/khali/Documents/GitHub/EmoteChess
C:/Users/khali/Documents/GitHub/EmoteChess
Using Asset Import Pipeline V2.
Refreshing native plugins compatible for Editor in 74.44 ms, found 0 plugins.
Preloading 0 native plugins for Editor in 0.00 ms.
Initialize engine version: 2021.1.6f1 (c0fade0cc7e9)
[Subsystems] Discovering subsystems at path D:/Game/Unity/2021.1.6f1/Editor/Data/Resources/UnitySubsystems
[Subsystems] Discovering subsystems at path C:/Users/khali/Documents/GitHub/EmoteChess/Assets
GfxDevice: creating device client; threaded=0; jobified=0
Direct3D:
    Version:  Direct3D 11.0 [level 11.1]
    Renderer: NVIDIA GeForce GTX 1050 (ID=0x1c81)
    Vendor:   NVIDIA
    VRAM:     1977 MB
    Driver:   27.21.14.6627
Initialize mono
Mono path[0] = 'D:/Game/Unity/2021.1.6f1/Editor/Data/Managed'
Mono path[1] = 'D:/Game/Unity/2021.1.6f1/Editor/Data/MonoBleedingEdge/lib/mono/unityjit'
Mono config path = 'D:/Game/Unity/2021.1.6f1/Editor/Data/MonoBleedingEdge/etc'
Using monoOptions --debugger-agent=transport=dt_socket,embedding=1,server=y,suspend=n,address=127.0.0.1:56728
Begin MonoManager ReloadAssembly
Registering precompiled unity dll's ...
Register platform support module: D:/Game/Unity/2021.1.6f1/Editor/Data/PlaybackEngines/WindowsStandaloneSupport/UnityEditor.WindowsStandalone.Extensions.dll
Registered in 0.047846 seconds.
Native extension for WindowsStandalone target not found
Refreshing native plugins compatible for Editor in 59.17 ms, found 0 plugins.
Preloading 0 native plugins for Editor in 0.00 ms.
Mono: successfully reloaded assembly
- Completed reload, in  3.529 seconds
Platform modules already initialized, skipping
Registering precompiled user dll's ...
Registered in 0.007187 seconds.
Begin MonoManager ReloadAssembly
Native extension for WindowsStandalone target not found
Refreshing native plugins compatible for Editor in 0.82 ms, found 0 plugins.
Preloading 0 native plugins for Editor in 0.00 ms.
Mono: successfully reloaded assembly
- Completed reload, in  1.521 seconds
Platform modules already initialized, skipping
========================================================================
Worker process is ready to serve import requests
Launched and connected shader compiler UnityShaderCompiler.exe after 0.17 seconds
Refreshing native plugins compatible for Editor in 0.67 ms, found 0 plugins.
Preloading 0 native plugins for Editor in 0.00 ms.
Unloading 1673 Unused Serialized files (Serialized files now loaded: 0)
System memory in use before: 73.7 MB.
System memory in use after: 73.8 MB.

Unloading 49 unused Assets to reduce memory usage. Loaded Objects now: 2101.
Total: 8.159100 ms (FindLiveObjects: 0.194700 ms CreateObjectMapping: 0.048400 ms MarkObjects: 7.820700 ms  DeleteObjects: 0.093800 ms)

========================================================================
Received Import Request.
  path: Assets/SFX/PickFigure/angry/Nev_acknow_04_ru.mp3.mpeg
  artifactKey: Guid(a030743e5be4bef4cb5e3a519e61e368) Importer(815301076,1909f56bfc062723c751e8b465ee728b)
Start importing Assets/SFX/PickFigure/angry/Nev_acknow_04_ru.mp3.mpeg using Guid(a030743e5be4bef4cb5e3a519e61e368) Importer(815301076,1909f56bfc062723c751e8b465ee728b)  -> (artifact id: '293bf93fa4457cea51e7372ce663c3c9') in 0.058003 seconds 
========================================================================
Received Import Request.
  Time since last request: 0.000280 seconds.
  path: Assets/SFX/PickFigure/angry/Nev_acknow_05_ru.mp3.mpeg
  artifactKey: Guid(ea3d095597d862f4288ae05d5e507df0) Importer(815301076,1909f56bfc062723c751e8b465ee728b)
Start importing Assets/SFX/PickFigure/angry/Nev_acknow_05_ru.mp3.mpeg using Guid(ea3d095597d862f4288ae05d5e507df0) Importer(815301076,1909f56bfc062723c751e8b465ee728b)  -> (artifact id: '5c90bd31c328e58549bc42c724925c75') in 0.017256 seconds 
========================================================================
Received Import Request.
  Time since last request: 7.206863 seconds.
  path: Assets/SFX/PickFigure/Я БУДУ БУСТИТЬ ММР Song_320kbps.mp3
  artifactKey: Guid(f35245b7524cf004d87031593ffd1e08) Importer(815301076,1909f56bfc062723c751e8b465ee728b)
Start importing Assets/SFX/PickFigure/Я БУДУ БУСТИТЬ ММР Song_320kbps.mp3 using Guid(f35245b7524cf004d87031593ffd1e08) Importer(815301076,1909f56bfc062723c751e8b465ee728b)  -> (artifact id: '55bf99f8db37e455a0b62d1af17540c7') in 0.288268 seconds 
========================================================================
Received Import Request.
  Time since last request: 9.196723 seconds.
  path: Assets/SFX/PickFigure/sadness
  artifactKey: Guid(971a81ce2016fa54ca49e437a817243c) Importer(815301076,1909f56bfc062723c751e8b465ee728b)
Start importing Assets/SFX/PickFigure/sadness using Guid(971a81ce2016fa54ca49e437a817243c) Importer(815301076,1909f56bfc062723c751e8b465ee728b)  -> (artifact id: '5875f18c2cf7b24c8fe6d066a9678436') in 0.027171 seconds 
========================================================================
Received Import Request.
  Time since last request: 0.995332 seconds.
  path: Assets/SFX/PickFigure/sadness/Vo_enchantress_ench_lose_01.mp3.mpeg
  artifactKey: Guid(02db55a5bc21a254ba693957ff5d5c19) Importer(815301076,1909f56bfc062723c751e8b465ee728b)
Start importing Assets/SFX/PickFigure/sadness/Vo_enchantress_ench_lose_01.mp3.mpeg using Guid(02db55a5bc21a254ba693957ff5d5c19) Importer(815301076,1909f56bfc062723c751e8b465ee728b)  -> (artifact id: '1cc82adcd23ad6429461c78aee4780ed') in 0.026890 seconds 
========================================================================
Received Import Request.
  Time since last request: 20.290558 seconds.
  path: Assets/SFX/PickFigure/angry
  artifactKey: Guid(116521883d36ea14e90708609f1f434f) Importer(815301076,1909f56bfc062723c751e8b465ee728b)
Start importing Assets/SFX/PickFigure/angry using Guid(116521883d36ea14e90708609f1f434f) Importer(815301076,1909f56bfc062723c751e8b465ee728b)  -> (artifact id: '8263fe3769efd9aebeb62f37d94b1294') in 0.049654 seconds 
========================================================================
Received Import Request.
  Time since last request: 2.460215 seconds.
  path: Assets/SFX/PickFigure/angry/Nev_acknow_04_ru.mp3
  artifactKey: Guid(8cef81d46b5cb704d92d5eb0e2971fc6) Importer(815301076,1909f56bfc062723c751e8b465ee728b)
Start importing Assets/SFX/PickFigure/angry/Nev_acknow_04_ru.mp3 using Guid(8cef81d46b5cb704d92d5eb0e2971fc6) Importer(815301076,1909f56bfc062723c751e8b465ee728b)  -> (artifact id: '109243ec8e72f358470ae339c567b5aa') in 0.026237 seconds 
========================================================================
Received Import Request.
  Time since last request: 34.722639 seconds.
  path: Assets/SFX/PickFigure/Angry
  artifactKey: Guid(116521883d36ea14e90708609f1f434f) Importer(815301076,1909f56bfc062723c751e8b465ee728b)
Start importing Assets/SFX/PickFigure/Angry using Guid(116521883d36ea14e90708609f1f434f) Importer(815301076,1909f56bfc062723c751e8b465ee728b)  -> (artifact id: '91f9aeecaf018a8420cbbdd36986c634') in 0.016690 seconds 
========================================================================
Received Import Request.
  Time since last request: 37.774965 seconds.
  path: Assets/SFX/PickFigure/Angry/Angry1.mp3
  artifactKey: Guid(8cef81d46b5cb704d92d5eb0e2971fc6) Importer(815301076,1909f56bfc062723c751e8b465ee728b)
Start importing Assets/SFX/PickFigure/Angry/Angry1.mp3 using Guid(8cef81d46b5cb704d92d5eb0e2971fc6) Importer(815301076,1909f56bfc062723c751e8b465ee728b)  -> (artifact id: 'c6942066b254305f3cc85ac7c069255d') in 0.046493 seconds 
========================================================================
Received Import Request.
  Time since last request: 0.764449 seconds.
  path: Assets/SFX/PickFigure/Angry/Nev_acknow_05_ru.mp3
  artifactKey: Guid(5654200ca180eb941b0662bbed03b90d) Importer(815301076,1909f56bfc062723c751e8b465ee728b)
Start importing Assets/SFX/PickFigure/Angry/Nev_acknow_05_ru.mp3 using Guid(5654200ca180eb941b0662bbed03b90d) Importer(815301076,1909f56bfc062723c751e8b465ee728b)  -> (artifact id: '9998f7a3a5a35b571ef64b00e16473f5') in 0.043009 seconds 
========================================================================
Received Import Request.
  Time since last request: 3.562738 seconds.
  path: Assets/SFX/PickFigure/Angry/Angry2.mp3
  artifactKey: Guid(5654200ca180eb941b0662bbed03b90d) Importer(815301076,1909f56bfc062723c751e8b465ee728b)
Start importing Assets/SFX/PickFigure/Angry/Angry2.mp3 using Guid(5654200ca180eb941b0662bbed03b90d) Importer(815301076,1909f56bfc062723c751e8b465ee728b)  -> (artifact id: '5bdb5fb1f3c0d6a6dea6a63b3f1893a0') in 0.045924 seconds 
========================================================================
Received Import Request.
  Time since last request: 11.783735 seconds.
  path: Assets/SFX/PickFigure/Relax
  artifactKey: Guid(ed71deb570b874c4c9f3cece996ae7f4) Importer(815301076,1909f56bfc062723c751e8b465ee728b)
Start importing Assets/SFX/PickFigure/Relax using Guid(ed71deb570b874c4c9f3cece996ae7f4) Importer(815301076,1909f56bfc062723c751e8b465ee728b)  -> (artifact id: '838ab51ed4a777c221cc2db4d78a0888') in 0.018448 seconds 
========================================================================
Received Import Request.
  Time since last request: 33.534344 seconds.
  path: Assets/SFX/PickFigure/Fear
  artifactKey: Guid(078ba7879f0410242b87fcb5d4af75a2) Importer(815301076,1909f56bfc062723c751e8b465ee728b)
Start importing Assets/SFX/PickFigure/Fear using Guid(078ba7879f0410242b87fcb5d4af75a2) Importer(815301076,1909f56bfc062723c751e8b465ee728b)  -> (artifact id: 'c7d3f348aef291a1994cb2012d354736') in 0.019349 seconds 
========================================================================
Received Import Request.
  Time since last request: 25.445656 seconds.
  path: Assets/SFX/PickFigure/Fear/Fear2.mpeg
  artifactKey: Guid(b5ab4bf2f1720a94499cc5f7c4e826c2) Importer(815301076,1909f56bfc062723c751e8b465ee728b)
Start importing Assets/SFX/PickFigure/Fear/Fear2.mpeg using Guid(b5ab4bf2f1720a94499cc5f7c4e826c2) Importer(815301076,1909f56bfc062723c751e8b465ee728b)  -> (artifact id: '532bb71ed6948715a98f4c278d52c78b') in 0.014379 seconds 
========================================================================
Received Import Request.
  Time since last request: 72.183982 seconds.
  path: Assets/SFX/PickFigure/Happy
  artifactKey: Guid(a2648418ef1d85244b3fe39ebc5cf36f) Importer(815301076,1909f56bfc062723c751e8b465ee728b)
Start importing Assets/SFX/PickFigure/Happy using Guid(a2648418ef1d85244b3fe39ebc5cf36f) Importer(815301076,1909f56bfc062723c751e8b465ee728b)  -> (artifact id: 'b99fdcdc851cc41b4abdd55c85aa2dba') in 0.018160 seconds 
========================================================================
Received Import Request.
  Time since last request: 14.620930 seconds.
  path: Assets/SFX/PickFigure/Hate
  artifactKey: Guid(dea66d3778179364f9cbb7d92f5bb2fb) Importer(815301076,1909f56bfc062723c751e8b465ee728b)
Start importing Assets/SFX/PickFigure/Hate using Guid(dea66d3778179364f9cbb7d92f5bb2fb) Importer(815301076,1909f56bfc062723c751e8b465ee728b)  -> (artifact id: 'fff816509c465f5e2542f450f49cd74e') in 0.017453 seconds 
========================================================================
Received Import Request.
  Time since last request: 25.651880 seconds.
  path: Assets/SFX/PickFigure/Hate/Hate1.mp3
  artifactKey: Guid(ed34546ab6fbc234a951f6c915dab7c9) Importer(815301076,1909f56bfc062723c751e8b465ee728b)
Start importing Assets/SFX/PickFigure/Hate/Hate1.mp3 using Guid(ed34546ab6fbc234a951f6c915dab7c9) Importer(815301076,1909f56bfc062723c751e8b465ee728b)  -> (artifact id: '52a6fb91185839aa3b496261bfc14862') in 0.031100 seconds 
========================================================================
Received Import Request.
  Time since last request: 46.308077 seconds.
  path: Assets/SFX/PickFigure/Sadness
  artifactKey: Guid(971a81ce2016fa54ca49e437a817243c) Importer(815301076,1909f56bfc062723c751e8b465ee728b)
Start importing Assets/SFX/PickFigure/Sadness using Guid(971a81ce2016fa54ca49e437a817243c) Importer(815301076,1909f56bfc062723c751e8b465ee728b)  -> (artifact id: '02001fe9f9021bc288c6cfd189e87811') in 0.017265 seconds 
========================================================================
Received Import Request.
  Time since last request: 10.171178 seconds.
  path: Assets/SFX/PickFigure/Sadness/Sadness2.mp3
  artifactKey: Guid(59785eb81d6ca08409ecf55a75e2ab21) Importer(815301076,1909f56bfc062723c751e8b465ee728b)
Start importing Assets/SFX/PickFigure/Sadness/Sadness2.mp3 using Guid(59785eb81d6ca08409ecf55a75e2ab21) Importer(815301076,1909f56bfc062723c751e8b465ee728b)  -> (artifact id: 'c33c759ad86a153c9c270c5469ab418c') in 0.026521 seconds 
========================================================================
Received Import Request.
  Time since last request: 21.260699 seconds.
  path: Assets/Scripts/SoundManager.cs
  artifactKey: Guid(d696887d2b383c94b8a3ad30ac88fcb2) Importer(815301076,1909f56bfc062723c751e8b465ee728b)
Start importing Assets/Scripts/SoundManager.cs using Guid(d696887d2b383c94b8a3ad30ac88fcb2) Importer(815301076,1909f56bfc062723c751e8b465ee728b)  -> (artifact id: 'e055ae1a063ed68357e0f3236d09d2a4') in 0.031389 seconds 
========================================================================
Received Prepare
Registering precompiled user dll's ...
Registered in 0.005297 seconds.
Begin MonoManager ReloadAssembly
Native extension for WindowsStandalone target not found
Refreshing native plugins compatible for Editor in 0.70 ms, found 0 plugins.
Preloading 0 native plugins for Editor in 0.00 ms.
Mono: successfully reloaded assembly
- Completed reload, in  1.583 seconds
Platform modules already initialized, skipping
Refreshing native plugins compatible for Editor in 0.67 ms, found 0 plugins.
Preloading 0 native plugins for Editor in 0.00 ms.
Unloading 1667 Unused Serialized files (Serialized files now loaded: 0)
System memory in use before: 77.3 MB.
System memory in use after: 77.5 MB.

Unloading 40 unused Assets to reduce memory usage. Loaded Objects now: 2113.
Total: 7.397200 ms (FindLiveObjects: 0.269400 ms CreateObjectMapping: 0.098400 ms MarkObjects: 6.995700 ms  DeleteObjects: 0.030000 ms)

========================================================================
Received Prepare
Registering precompiled user dll's ...
Registered in 0.005473 seconds.
Begin MonoManager ReloadAssembly
Native extension for WindowsStandalone target not found
Refreshing native plugins compatible for Editor in 0.76 ms, found 0 plugins.
Preloading 0 native plugins for Editor in 0.00 ms.
Mono: successfully reloaded assembly
- Completed reload, in  1.606 seconds
Platform modules already initialized, skipping
Refreshing native plugins compatible for Editor in 0.71 ms, found 0 plugins.
Preloading 0 native plugins for Editor in 0.00 ms.
Unloading 1667 Unused Serialized files (Serialized files now loaded: 0)
System memory in use before: 77.4 MB.
System memory in use after: 77.5 MB.

Unloading 40 unused Assets to reduce memory usage. Loaded Objects now: 2116.
Total: 7.322800 ms (FindLiveObjects: 0.182700 ms CreateObjectMapping: 0.049300 ms MarkObjects: 7.049500 ms  DeleteObjects: 0.039500 ms)

========================================================================
Received Prepare
Registering precompiled user dll's ...
Registered in 0.003327 seconds.
Begin MonoManager ReloadAssembly
Native extension for WindowsStandalone target not found
Refreshing native plugins compatible for Editor in 0.96 ms, found 0 plugins.
Preloading 0 native plugins for Editor in 0.00 ms.
Mono: successfully reloaded assembly
- Completed reload, in  1.357 seconds
Platform modules already initialized, skipping
Refreshing native plugins compatible for Editor in 0.85 ms, found 0 plugins.
Preloading 0 native plugins for Editor in 0.00 ms.
Unloading 1667 Unused Serialized files (Serialized files now loaded: 0)
System memory in use before: 77.4 MB.
System memory in use after: 77.5 MB.

Unloading 40 unused Assets to reduce memory usage. Loaded Objects now: 2119.
Total: 7.341200 ms (FindLiveObjects: 0.178700 ms CreateObjectMapping: 0.048700 ms MarkObjects: 7.086000 ms  DeleteObjects: 0.026500 ms)

========================================================================
Received Prepare
Registering precompiled user dll's ...
Registered in 0.005733 seconds.
Begin MonoManager ReloadAssembly
Native extension for WindowsStandalone target not found
Refreshing native plugins compatible for Editor in 0.67 ms, found 0 plugins.
Preloading 0 native plugins for Editor in 0.00 ms.
Mono: successfully reloaded assembly
- Completed reload, in  1.340 seconds
Platform modules already initialized, skipping
Refreshing native plugins compatible for Editor in 0.68 ms, found 0 plugins.
Preloading 0 native plugins for Editor in 0.00 ms.
Unloading 1667 Unused Serialized files (Serialized files now loaded: 0)
System memory in use before: 77.4 MB.
System memory in use after: 77.5 MB.

Unloading 40 unused Assets to reduce memory usage. Loaded Objects now: 2122.
Total: 7.274300 ms (FindLiveObjects: 0.193500 ms CreateObjectMapping: 0.059000 ms MarkObjects: 6.992100 ms  DeleteObjects: 0.028300 ms)

========================================================================
Received Prepare
Registering precompiled user dll's ...
Registered in 0.004932 seconds.
Begin MonoManager ReloadAssembly
Native extension for WindowsStandalone target not found
Refreshing native plugins compatible for Editor in 0.68 ms, found 0 plugins.
Preloading 0 native plugins for Editor in 0.00 ms.
Mono: successfully reloaded assembly
- Completed reload, in  1.421 seconds
Platform modules already initialized, skipping
Refreshing native plugins compatible for Editor in 0.71 ms, found 0 plugins.
Preloading 0 native plugins for Editor in 0.00 ms.
Unloading 1667 Unused Serialized files (Serialized files now loaded: 0)
System memory in use before: 77.4 MB.
System memory in use after: 77.5 MB.

Unloading 40 unused Assets to reduce memory usage. Loaded Objects now: 2125.
Total: 6.581400 ms (FindLiveObjects: 0.150400 ms CreateObjectMapping: 0.048800 ms MarkObjects: 6.351600 ms  DeleteObjects: 0.028800 ms)

========================================================================
Received Prepare
Registering precompiled user dll's ...
Registered in 0.004685 seconds.
Begin MonoManager ReloadAssembly
Native extension for WindowsStandalone target not found
Refreshing native plugins compatible for Editor in 0.81 ms, found 0 plugins.
Preloading 0 native plugins for Editor in 0.00 ms.
Mono: successfully reloaded assembly
- Completed reload, in  1.430 seconds
Platform modules already initialized, skipping
Refreshing native plugins compatible for Editor in 0.78 ms, found 0 plugins.
Preloading 0 native plugins for Editor in 0.00 ms.
Unloading 1667 Unused Serialized files (Serialized files now loaded: 0)
System memory in use before: 77.4 MB.
System memory in use after: 77.5 MB.

Unloading 40 unused Assets to reduce memory usage. Loaded Objects now: 2128.
Total: 7.279900 ms (FindLiveObjects: 0.267000 ms CreateObjectMapping: 0.059200 ms MarkObjects: 6.923100 ms  DeleteObjects: 0.028500 ms)

========================================================================
Received Prepare
Registering precompiled user dll's ...
Registered in 0.002995 seconds.
Begin MonoManager ReloadAssembly
Native extension for WindowsStandalone target not found
Refreshing native plugins compatible for Editor in 0.71 ms, found 0 plugins.
Preloading 0 native plugins for Editor in 0.00 ms.
Mono: successfully reloaded assembly
- Completed reload, in  1.496 seconds
Platform modules already initialized, skipping
Refreshing native plugins compatible for Editor in 0.73 ms, found 0 plugins.
Preloading 0 native plugins for Editor in 0.00 ms.
Unloading 1667 Unused Serialized files (Serialized files now loaded: 0)
System memory in use before: 77.4 MB.
System memory in use after: 77.5 MB.

Unloading 40 unused Assets to reduce memory usage. Loaded Objects now: 2131.
Total: 9.788600 ms (FindLiveObjects: 0.250300 ms CreateObjectMapping: 0.102000 ms MarkObjects: 9.387100 ms  DeleteObjects: 0.046800 ms)

========================================================================
Received Prepare
Registering precompiled user dll's ...
Registered in 0.003742 seconds.
Begin MonoManager ReloadAssembly
Native extension for WindowsStandalone target not found
Refreshing native plugins compatible for Editor in 0.72 ms, found 0 plugins.
Preloading 0 native plugins for Editor in 0.00 ms.
Mono: successfully reloaded assembly
- Completed reload, in  1.420 seconds
Platform modules already initialized, skipping
Refreshing native plugins compatible for Editor in 1.06 ms, found 0 plugins.
Preloading 0 native plugins for Editor in 0.00 ms.
Unloading 1667 Unused Serialized files (Serialized files now loaded: 0)
System memory in use before: 77.4 MB.
System memory in use after: 77.5 MB.

Unloading 40 unused Assets to reduce memory usage. Loaded Objects now: 2134.
Total: 8.260100 ms (FindLiveObjects: 0.261200 ms CreateObjectMapping: 0.092000 ms MarkObjects: 7.876700 ms  DeleteObjects: 0.028500 ms)

========================================================================
Received Prepare
Registering precompiled user dll's ...
Registered in 0.003089 seconds.
Begin MonoManager ReloadAssembly
Native extension for WindowsStandalone target not found
Refreshing native plugins compatible for Editor in 0.80 ms, found 0 plugins.
Preloading 0 native plugins for Editor in 0.00 ms.
Mono: successfully reloaded assembly
- Completed reload, in  1.574 seconds
Platform modules already initialized, skipping
Refreshing native plugins compatible for Editor in 1.15 ms, found 0 plugins.
Preloading 0 native plugins for Editor in 0.00 ms.
Unloading 1667 Unused Serialized files (Serialized files now loaded: 0)
System memory in use before: 77.4 MB.
System memory in use after: 77.6 MB.

Unloading 40 unused Assets to reduce memory usage. Loaded Objects now: 2137.
Total: 9.384500 ms (FindLiveObjects: 0.292500 ms CreateObjectMapping: 0.059300 ms MarkObjects: 8.992500 ms  DeleteObjects: 0.037700 ms)

========================================================================
Received Prepare
Registering precompiled user dll's ...
Registered in 0.004444 seconds.
Begin MonoManager ReloadAssembly
Native extension for WindowsStandalone target not found
Refreshing native plugins compatible for Editor in 0.92 ms, found 0 plugins.
Preloading 0 native plugins for Editor in 0.00 ms.
Mono: successfully reloaded assembly
- Completed reload, in  1.620 seconds
Platform modules already initialized, skipping
Refreshing native plugins compatible for Editor in 0.67 ms, found 0 plugins.
Preloading 0 native plugins for Editor in 0.00 ms.
Unloading 1667 Unused Serialized files (Serialized files now loaded: 0)
System memory in use before: 77.5 MB.
System memory in use after: 77.6 MB.

Unloading 40 unused Assets to reduce memory usage. Loaded Objects now: 2140.
Total: 7.427400 ms (FindLiveObjects: 0.201200 ms CreateObjectMapping: 0.047500 ms MarkObjects: 7.149600 ms  DeleteObjects: 0.027200 ms)

========================================================================
Received Prepare
Registering precompiled user dll's ...
Registered in 0.004125 seconds.
Begin MonoManager ReloadAssembly
Native extension for WindowsStandalone target not found
Refreshing native plugins compatible for Editor in 0.80 ms, found 0 plugins.
Preloading 0 native plugins for Editor in 0.00 ms.
Mono: successfully reloaded assembly
- Completed reload, in  1.461 seconds
Platform modules already initialized, skipping
Refreshing native plugins compatible for Editor in 0.68 ms, found 0 plugins.
Preloading 0 native plugins for Editor in 0.00 ms.
Unloading 1667 Unused Serialized files (Serialized files now loaded: 0)
System memory in use before: 77.5 MB.
System memory in use after: 77.6 MB.

Unloading 40 unused Assets to reduce memory usage. Loaded Objects now: 2143.
Total: 7.254100 ms (FindLiveObjects: 0.193400 ms CreateObjectMapping: 0.058400 ms MarkObjects: 6.966000 ms  DeleteObjects: 0.034200 ms)

========================================================================
Received Prepare
Registering precompiled user dll's ...
Registered in 0.007083 seconds.
Begin MonoManager ReloadAssembly
Native extension for WindowsStandalone target not found
Refreshing native plugins compatible for Editor in 0.69 ms, found 0 plugins.
Preloading 0 native plugins for Editor in 0.00 ms.
Mono: successfully reloaded assembly
- Completed reload, in  1.312 seconds
Platform modules already initialized, skipping
Refreshing native plugins compatible for Editor in 0.71 ms, found 0 plugins.
Preloading 0 native plugins for Editor in 0.00 ms.
Unloading 1667 Unused Serialized files (Serialized files now loaded: 0)
System memory in use before: 77.5 MB.
System memory in use after: 77.6 MB.

Unloading 40 unused Assets to reduce memory usage. Loaded Objects now: 2146.
Total: 8.191000 ms (FindLiveObjects: 0.199600 ms CreateObjectMapping: 0.057900 ms MarkObjects: 7.895400 ms  DeleteObjects: 0.036300 ms)

========================================================================
Received Prepare
Registering precompiled user dll's ...
Registered in 0.003819 seconds.
Begin MonoManager ReloadAssembly
Native extension for WindowsStandalone target not found
Refreshing native plugins compatible for Editor in 0.68 ms, found 0 plugins.
Preloading 0 native plugins for Editor in 0.00 ms.
Mono: successfully reloaded assembly
- Completed reload, in  1.481 seconds
Platform modules already initialized, skipping
Refreshing native plugins compatible for Editor in 0.68 ms, found 0 plugins.
Preloading 0 native plugins for Editor in 0.00 ms.
Unloading 1667 Unused Serialized files (Serialized files now loaded: 0)
System memory in use before: 77.5 MB.
System memory in use after: 77.6 MB.

Unloading 40 unused Assets to reduce memory usage. Loaded Objects now: 2149.
Total: 6.985700 ms (FindLiveObjects: 0.183400 ms CreateObjectMapping: 0.048400 ms MarkObjects: 6.725200 ms  DeleteObjects: 0.026900 ms)

========================================================================
Received Prepare
Registering precompiled user dll's ...
Registered in 0.003585 seconds.
Begin MonoManager ReloadAssembly
Native extension for WindowsStandalone target not found
Refreshing native plugins compatible for Editor in 0.68 ms, found 0 plugins.
Preloading 0 native plugins for Editor in 0.00 ms.
Mono: successfully reloaded assembly
- Completed reload, in  1.497 seconds
Platform modules already initialized, skipping
Refreshing native plugins compatible for Editor in 0.84 ms, found 0 plugins.
Preloading 0 native plugins for Editor in 0.00 ms.
Unloading 1667 Unused Serialized files (Serialized files now loaded: 0)
System memory in use before: 77.5 MB.
System memory in use after: 77.6 MB.

Unloading 40 unused Assets to reduce memory usage. Loaded Objects now: 2152.
Total: 7.588800 ms (FindLiveObjects: 0.166000 ms CreateObjectMapping: 0.057300 ms MarkObjects: 7.333100 ms  DeleteObjects: 0.030600 ms)

========================================================================
Received Prepare
Registering precompiled user dll's ...
Registered in 0.004758 seconds.
Begin MonoManager ReloadAssembly
Native extension for WindowsStandalone target not found
Refreshing native plugins compatible for Editor in 0.73 ms, found 0 plugins.
Preloading 0 native plugins for Editor in 0.00 ms.
Mono: successfully reloaded assembly
- Completed reload, in  1.293 seconds
Platform modules already initialized, skipping
Refreshing native plugins compatible for Editor in 0.76 ms, found 0 plugins.
Preloading 0 native plugins for Editor in 0.00 ms.
Unloading 1667 Unused Serialized files (Serialized files now loaded: 0)
System memory in use before: 77.5 MB.
System memory in use after: 77.6 MB.

Unloading 40 unused Assets to reduce memory usage. Loaded Objects now: 2155.
Total: 7.456800 ms (FindLiveObjects: 0.312700 ms CreateObjectMapping: 0.068600 ms MarkObjects: 7.045800 ms  DeleteObjects: 0.027700 ms)

========================================================================
Received Prepare
Registering precompiled user dll's ...
Registered in 0.003057 seconds.
Begin MonoManager ReloadAssembly
Native extension for WindowsStandalone target not found
Refreshing native plugins compatible for Editor in 0.77 ms, found 0 plugins.
Preloading 0 native plugins for Editor in 0.00 ms.
Mono: successfully reloaded assembly
- Completed reload, in  1.441 seconds
Platform modules already initialized, skipping
Refreshing native plugins compatible for Editor in 0.80 ms, found 0 plugins.
Preloading 0 native plugins for Editor in 0.00 ms.
Unloading 1667 Unused Serialized files (Serialized files now loaded: 0)
System memory in use before: 77.5 MB.
System memory in use after: 77.6 MB.

Unloading 40 unused Assets to reduce memory usage. Loaded Objects now: 2158.
Total: 7.113100 ms (FindLiveObjects: 0.192500 ms CreateObjectMapping: 0.048800 ms MarkObjects: 6.839900 ms  DeleteObjects: 0.030200 ms)

========================================================================
Received Prepare
Registering precompiled user dll's ...
Registered in 0.003429 seconds.
Begin MonoManager ReloadAssembly
Native extension for WindowsStandalone target not found
Refreshing native plugins compatible for Editor in 0.68 ms, found 0 plugins.
Preloading 0 native plugins for Editor in 0.00 ms.
Mono: successfully reloaded assembly
- Completed reload, in  1.490 seconds
Platform modules already initialized, skipping
Refreshing native plugins compatible for Editor in 0.69 ms, found 0 plugins.
Preloading 0 native plugins for Editor in 0.00 ms.
Unloading 1667 Unused Serialized files (Serialized files now loaded: 0)
System memory in use before: 77.5 MB.
System memory in use after: 77.6 MB.

Unloading 40 unused Assets to reduce memory usage. Loaded Objects now: 2161.
Total: 7.043900 ms (FindLiveObjects: 0.200500 ms CreateObjectMapping: 0.058900 ms MarkObjects: 6.753900 ms  DeleteObjects: 0.028600 ms)

========================================================================
Received Prepare
Registering precompiled user dll's ...
Registered in 0.003756 seconds.
Begin MonoManager ReloadAssembly
Native extension for WindowsStandalone target not found
Refreshing native plugins compatible for Editor in 0.77 ms, found 0 plugins.
Preloading 0 native plugins for Editor in 0.00 ms.
Mono: successfully reloaded assembly
- Completed reload, in  1.417 seconds
Platform modules already initialized, skipping
Refreshing native plugins compatible for Editor in 0.68 ms, found 0 plugins.
Preloading 0 native plugins for Editor in 0.00 ms.
Unloading 1667 Unused Serialized files (Serialized files now loaded: 0)
System memory in use before: 77.5 MB.
System memory in use after: 77.6 MB.

Unloading 40 unused Assets to reduce memory usage. Loaded Objects now: 2164.
Total: 7.664100 ms (FindLiveObjects: 0.200900 ms CreateObjectMapping: 0.058500 ms MarkObjects: 7.373800 ms  DeleteObjects: 0.029000 ms)

========================================================================
Received Prepare
Registering precompiled user dll's ...
Registered in 0.004146 seconds.
Begin MonoManager ReloadAssembly
Native extension for WindowsStandalone target not found
Refreshing native plugins compatible for Editor in 0.70 ms, found 0 plugins.
Preloading 0 native plugins for Editor in 0.00 ms.
Mono: successfully reloaded assembly
- Completed reload, in  1.601 seconds
Platform modules already initialized, skipping
Refreshing native plugins compatible for Editor in 1.07 ms, found 0 plugins.
Preloading 0 native plugins for Editor in 0.00 ms.
Unloading 1667 Unused Serialized files (Serialized files now loaded: 0)
System memory in use before: 77.5 MB.
System memory in use after: 77.6 MB.

Unloading 40 unused Assets to reduce memory usage. Loaded Objects now: 2167.
Total: 14.053900 ms (FindLiveObjects: 0.402600 ms CreateObjectMapping: 0.072100 ms MarkObjects: 13.512000 ms  DeleteObjects: 0.063600 ms)

========================================================================
Received Prepare
Registering precompiled user dll's ...
Registered in 0.008062 seconds.
Begin MonoManager ReloadAssembly
Native extension for WindowsStandalone target not found
Refreshing native plugins compatible for Editor in 0.79 ms, found 0 plugins.
Preloading 0 native plugins for Editor in 0.00 ms.
Mono: successfully reloaded assembly
- Completed reload, in  2.081 seconds
Platform modules already initialized, skipping
Refreshing native plugins compatible for Editor in 1.14 ms, found 0 plugins.
Preloading 0 native plugins for Editor in 0.00 ms.
Unloading 1667 Unused Serialized files (Serialized files now loaded: 0)
System memory in use before: 77.5 MB.
System memory in use after: 77.6 MB.

Unloading 40 unused Assets to reduce memory usage. Loaded Objects now: 2170.
Total: 10.806900 ms (FindLiveObjects: 0.236700 ms CreateObjectMapping: 0.125000 ms MarkObjects: 10.360900 ms  DeleteObjects: 0.081600 ms)

========================================================================
Received Prepare
Registering precompiled user dll's ...
Registered in 0.004137 seconds.
Begin MonoManager ReloadAssembly
Native extension for WindowsStandalone target not found
Refreshing native plugins compatible for Editor in 0.68 ms, found 0 plugins.
Preloading 0 native plugins for Editor in 0.00 ms.
Mono: successfully reloaded assembly
- Completed reload, in  1.589 seconds
Platform modules already initialized, skipping
Refreshing native plugins compatible for Editor in 0.68 ms, found 0 plugins.
Preloading 0 native plugins for Editor in 0.00 ms.
Unloading 1667 Unused Serialized files (Serialized files now loaded: 0)
System memory in use before: 77.5 MB.
System memory in use after: 77.6 MB.

Unloading 40 unused Assets to reduce memory usage. Loaded Objects now: 2173.
Total: 6.986800 ms (FindLiveObjects: 0.234900 ms CreateObjectMapping: 0.058600 ms MarkObjects: 6.664000 ms  DeleteObjects: 0.027700 ms)

========================================================================
Received Prepare
Registering precompiled user dll's ...
Registered in 0.003380 seconds.
Begin MonoManager ReloadAssembly
Native extension for WindowsStandalone target not found
Refreshing native plugins compatible for Editor in 0.85 ms, found 0 plugins.
Preloading 0 native plugins for Editor in 0.00 ms.
Mono: successfully reloaded assembly
- Completed reload, in  1.379 seconds
Platform modules already initialized, skipping
Refreshing native plugins compatible for Editor in 1.09 ms, found 0 plugins.
Preloading 0 native plugins for Editor in 0.00 ms.
Unloading 1667 Unused Serialized files (Serialized files now loaded: 0)
System memory in use before: 77.5 MB.
System memory in use after: 77.6 MB.

Unloading 40 unused Assets to reduce memory usage. Loaded Objects now: 2176.
Total: 8.813900 ms (FindLiveObjects: 0.195500 ms CreateObjectMapping: 0.159800 ms MarkObjects: 8.429100 ms  DeleteObjects: 0.027800 ms)

========================================================================
Received Prepare
Registering precompiled user dll's ...
Registered in 0.004204 seconds.
Begin MonoManager ReloadAssembly
Native extension for WindowsStandalone target not found
Refreshing native plugins compatible for Editor in 0.68 ms, found 0 plugins.
Preloading 0 native plugins for Editor in 0.00 ms.
Mono: successfully reloaded assembly
- Completed reload, in  1.303 seconds
Platform modules already initialized, skipping
Refreshing native plugins compatible for Editor in 0.70 ms, found 0 plugins.
Preloading 0 native plugins for Editor in 0.00 ms.
Unloading 1667 Unused Serialized files (Serialized files now loaded: 0)
System memory in use before: 77.5 MB.
System memory in use after: 77.6 MB.

Unloading 40 unused Assets to reduce memory usage. Loaded Objects now: 2179.
Total: 7.507400 ms (FindLiveObjects: 0.245700 ms CreateObjectMapping: 0.059000 ms MarkObjects: 7.165100 ms  DeleteObjects: 0.035400 ms)

========================================================================
Received Prepare
Registering precompiled user dll's ...
Registered in 0.003306 seconds.
Begin MonoManager ReloadAssembly
Native extension for WindowsStandalone target not found
Refreshing native plugins compatible for Editor in 0.67 ms, found 0 plugins.
Preloading 0 native plugins for Editor in 0.00 ms.
Mono: successfully reloaded assembly
- Completed reload, in  1.539 seconds
Platform modules already initialized, skipping
Refreshing native plugins compatible for Editor in 1.15 ms, found 0 plugins.
Preloading 0 native plugins for Editor in 0.00 ms.
Unloading 1667 Unused Serialized files (Serialized files now loaded: 0)
System memory in use before: 77.5 MB.
System memory in use after: 77.6 MB.

Unloading 40 unused Assets to reduce memory usage. Loaded Objects now: 2182.
Total: 13.327600 ms (FindLiveObjects: 0.296400 ms CreateObjectMapping: 0.125500 ms MarkObjects: 12.821900 ms  DeleteObjects: 0.081200 ms)

========================================================================
Received Prepare
Registering precompiled user dll's ...
Registered in 0.004412 seconds.
Begin MonoManager ReloadAssembly
Native extension for WindowsStandalone target not found
Refreshing native plugins compatible for Editor in 0.70 ms, found 0 plugins.
Preloading 0 native plugins for Editor in 0.00 ms.
Mono: successfully reloaded assembly
- Completed reload, in  1.818 seconds
Platform modules already initialized, skipping
Refreshing native plugins compatible for Editor in 0.97 ms, found 0 plugins.
Preloading 0 native plugins for Editor in 0.00 ms.
Unloading 1667 Unused Serialized files (Serialized files now loaded: 0)
System memory in use before: 77.5 MB.
System memory in use after: 77.7 MB.

Unloading 40 unused Assets to reduce memory usage. Loaded Objects now: 2185.
Total: 7.968400 ms (FindLiveObjects: 0.205200 ms CreateObjectMapping: 0.050900 ms MarkObjects: 7.659500 ms  DeleteObjects: 0.050700 ms)

========================================================================
Received Prepare
Registering precompiled user dll's ...
Registered in 0.003774 seconds.
Begin MonoManager ReloadAssembly
Native extension for WindowsStandalone target not found
Refreshing native plugins compatible for Editor in 0.68 ms, found 0 plugins.
Preloading 0 native plugins for Editor in 0.00 ms.
Mono: successfully reloaded assembly
- Completed reload, in  1.285 seconds
Platform modules already initialized, skipping
Refreshing native plugins compatible for Editor in 0.68 ms, found 0 plugins.
Preloading 0 native plugins for Editor in 0.00 ms.
Unloading 1667 Unused Serialized files (Serialized files now loaded: 0)
System memory in use before: 77.6 MB.
System memory in use after: 77.7 MB.

Unloading 40 unused Assets to reduce memory usage. Loaded Objects now: 2188.
Total: 7.377200 ms (FindLiveObjects: 0.244500 ms CreateObjectMapping: 0.058300 ms MarkObjects: 7.043300 ms  DeleteObjects: 0.029200 ms)

