Using pre-set license
Built from '2021.1/staging' branch; Version is '2021.1.6f1 (c0fade0cc7e9) revision 12647134'; Using compiler version '192528614'; Build Type 'Release'
OS: 'Windows 10 Pro; OS build 19043.1586; Version 2009; 64bit' Language: 'ru' Physical Memory: 8120 MB
BatchMode: 1, IsHumanControllingUs: 0, StartBugReporterOnCrash: 0, Is64bit: 1, IsPro: 0

 COMMAND LINE ARGUMENTS:
D:\Game\Unity\2021.1.6f1\Editor\Unity.exe
-adb2
-batchMode
-noUpm
-name
AssetImportWorker0
-projectPath
C:/Users/khali/Documents/GitHub/EmoteChess
-logFile
Logs/AssetImportWorker0.log
-srvPort
54575
Successfully changed project path to: C:/Users/khali/Documents/GitHub/EmoteChess
C:/Users/khali/Documents/GitHub/EmoteChess
Using Asset Import Pipeline V2.
Refreshing native plugins compatible for Editor in 77.31 ms, found 0 plugins.
Preloading 0 native plugins for Editor in 0.00 ms.
Initialize engine version: 2021.1.6f1 (c0fade0cc7e9)
[Subsystems] Discovering subsystems at path D:/Game/Unity/2021.1.6f1/Editor/Data/Resources/UnitySubsystems
[Subsystems] Discovering subsystems at path C:/Users/khali/Documents/GitHub/EmoteChess/Assets
GfxDevice: creating device client; threaded=0; jobified=0
Direct3D:
    Version:  Direct3D 11.0 [level 11.1]
    Renderer: NVIDIA GeForce GTX 1050 (ID=0x1c81)
    Vendor:   NVIDIA
    VRAM:     1977 MB
    Driver:   27.21.14.6627
Initialize mono
Mono path[0] = 'D:/Game/Unity/2021.1.6f1/Editor/Data/Managed'
Mono path[1] = 'D:/Game/Unity/2021.1.6f1/Editor/Data/MonoBleedingEdge/lib/mono/unityjit'
Mono config path = 'D:/Game/Unity/2021.1.6f1/Editor/Data/MonoBleedingEdge/etc'
Using monoOptions --debugger-agent=transport=dt_socket,embedding=1,server=y,suspend=n,address=127.0.0.1:56068
Begin MonoManager ReloadAssembly
Registering precompiled unity dll's ...
Register platform support module: D:/Game/Unity/2021.1.6f1/Editor/Data/PlaybackEngines/WebGLSupport/UnityEditor.WebGL.Extensions.dll
Register platform support module: D:/Game/Unity/2021.1.6f1/Editor/Data/PlaybackEngines/WindowsStandaloneSupport/UnityEditor.WindowsStandalone.Extensions.dll
Registered in 0.001705 seconds.
Native extension for WindowsStandalone target not found
Native extension for WebGL target not found
Refreshing native plugins compatible for Editor in 58.61 ms, found 0 plugins.
Preloading 0 native plugins for Editor in 0.00 ms.
Mono: successfully reloaded assembly
- Completed reload, in  2.273 seconds
Platform modules already initialized, skipping
Registering precompiled user dll's ...
Registered in 0.003280 seconds.
Begin MonoManager ReloadAssembly
Native extension for WindowsStandalone target not found
Native extension for WebGL target not found
Refreshing native plugins compatible for Editor in 0.66 ms, found 0 plugins.
Preloading 0 native plugins for Editor in 0.00 ms.
Mono: successfully reloaded assembly
- Completed reload, in  1.417 seconds
Platform modules already initialized, skipping
========================================================================
Worker process is ready to serve import requests
Launched and connected shader compiler UnityShaderCompiler.exe after 0.08 seconds
Refreshing native plugins compatible for Editor in 0.85 ms, found 0 plugins.
Preloading 0 native plugins for Editor in 0.00 ms.
Unloading 1673 Unused Serialized files (Serialized files now loaded: 0)
System memory in use before: 73.8 MB.
System memory in use after: 73.9 MB.

Unloading 49 unused Assets to reduce memory usage. Loaded Objects now: 2102.
Total: 7.215900 ms (FindLiveObjects: 0.177300 ms CreateObjectMapping: 0.049200 ms MarkObjects: 6.899100 ms  DeleteObjects: 0.088900 ms)

========================================================================
Received Import Request.
  path: Assets/Sprites/New Folder
  artifactKey: Guid(1f974270a92bfa840b3e4bebf14cac02) Importer(815301076,1909f56bfc062723c751e8b465ee728b)
Start importing Assets/Sprites/New Folder using Guid(1f974270a92bfa840b3e4bebf14cac02) Importer(815301076,1909f56bfc062723c751e8b465ee728b)  -> (artifact id: '52a42d4c632f3444f156d2c1daaa4e4a') in 0.012225 seconds 
========================================================================
Received Import Request.
  Time since last request: 6.096394 seconds.
  path: Assets/Sprites/Incripsion
  artifactKey: Guid(1f974270a92bfa840b3e4bebf14cac02) Importer(815301076,1909f56bfc062723c751e8b465ee728b)
Start importing Assets/Sprites/Incripsion using Guid(1f974270a92bfa840b3e4bebf14cac02) Importer(815301076,1909f56bfc062723c751e8b465ee728b)  -> (artifact id: 'c53b55a6eadaad7844f23057e7305319') in 0.015229 seconds 
========================================================================
Received Import Request.
  Time since last request: 5.219573 seconds.
  path: Assets/Sprites/inscription
  artifactKey: Guid(1f974270a92bfa840b3e4bebf14cac02) Importer(815301076,1909f56bfc062723c751e8b465ee728b)
Start importing Assets/Sprites/inscription using Guid(1f974270a92bfa840b3e4bebf14cac02) Importer(815301076,1909f56bfc062723c751e8b465ee728b)  -> (artifact id: 'c057c30d600f63d3307d3de474c43fdd') in 0.021927 seconds 
========================================================================
Received Import Request.
  Time since last request: 8.472054 seconds.
  path: Assets/Sprites/Inscription
  artifactKey: Guid(1f974270a92bfa840b3e4bebf14cac02) Importer(815301076,1909f56bfc062723c751e8b465ee728b)
Start importing Assets/Sprites/Inscription using Guid(1f974270a92bfa840b3e4bebf14cac02) Importer(815301076,1909f56bfc062723c751e8b465ee728b)  -> (artifact id: 'ca2840d22ff570cada6e5c3e7ea6c7cb') in 0.014430 seconds 
========================================================================
Received Prepare
Registering precompiled user dll's ...
Registered in 0.003356 seconds.
Begin MonoManager ReloadAssembly
Native extension for WindowsStandalone target not found
Native extension for WebGL target not found
Refreshing native plugins compatible for Editor in 0.67 ms, found 0 plugins.
Preloading 0 native plugins for Editor in 0.00 ms.
Mono: successfully reloaded assembly
- Completed reload, in  1.390 seconds
Platform modules already initialized, skipping
Refreshing native plugins compatible for Editor in 7.00 ms, found 0 plugins.
Preloading 0 native plugins for Editor in 0.00 ms.
Unloading 1667 Unused Serialized files (Serialized files now loaded: 0)
System memory in use before: 73.6 MB.
System memory in use after: 73.8 MB.

Unloading 40 unused Assets to reduce memory usage. Loaded Objects now: 2105.
Total: 12.739600 ms (FindLiveObjects: 0.356800 ms CreateObjectMapping: 0.075800 ms MarkObjects: 12.242500 ms  DeleteObjects: 0.061000 ms)

========================================================================
Received Prepare
Registering precompiled user dll's ...
Registered in 0.003073 seconds.
Begin MonoManager ReloadAssembly
Native extension for WindowsStandalone target not found
Native extension for WebGL target not found
Refreshing native plugins compatible for Editor in 1.00 ms, found 0 plugins.
Preloading 0 native plugins for Editor in 0.00 ms.
Mono: successfully reloaded assembly
- Completed reload, in  1.492 seconds
Platform modules already initialized, skipping
Refreshing native plugins compatible for Editor in 1.03 ms, found 0 plugins.
Preloading 0 native plugins for Editor in 0.00 ms.
Unloading 1667 Unused Serialized files (Serialized files now loaded: 0)
System memory in use before: 73.7 MB.
System memory in use after: 73.8 MB.

Unloading 40 unused Assets to reduce memory usage. Loaded Objects now: 2108.
Total: 7.538300 ms (FindLiveObjects: 0.183800 ms CreateObjectMapping: 0.048800 ms MarkObjects: 7.207600 ms  DeleteObjects: 0.096300 ms)

========================================================================
Received Prepare
Registering precompiled user dll's ...
Registered in 0.010841 seconds.
Begin MonoManager ReloadAssembly
Native extension for WindowsStandalone target not found
Native extension for WebGL target not found
Refreshing native plugins compatible for Editor in 0.70 ms, found 0 plugins.
Preloading 0 native plugins for Editor in 0.00 ms.
Mono: successfully reloaded assembly
- Completed reload, in  1.793 seconds
Platform modules already initialized, skipping
Refreshing native plugins compatible for Editor in 0.68 ms, found 0 plugins.
Preloading 0 native plugins for Editor in 0.00 ms.
Unloading 1667 Unused Serialized files (Serialized files now loaded: 0)
System memory in use before: 73.7 MB.
System memory in use after: 73.8 MB.

Unloading 40 unused Assets to reduce memory usage. Loaded Objects now: 2111.
Total: 6.872800 ms (FindLiveObjects: 0.182000 ms CreateObjectMapping: 0.049500 ms MarkObjects: 6.609200 ms  DeleteObjects: 0.030200 ms)

========================================================================
Received Prepare
Registering precompiled user dll's ...
Registered in 0.003217 seconds.
Begin MonoManager ReloadAssembly
Native extension for WindowsStandalone target not found
Native extension for WebGL target not found
Refreshing native plugins compatible for Editor in 0.73 ms, found 0 plugins.
Preloading 0 native plugins for Editor in 0.00 ms.
Mono: successfully reloaded assembly
- Completed reload, in  1.364 seconds
Platform modules already initialized, skipping
Refreshing native plugins compatible for Editor in 1.02 ms, found 0 plugins.
Preloading 0 native plugins for Editor in 0.00 ms.
Unloading 1667 Unused Serialized files (Serialized files now loaded: 0)
System memory in use before: 73.7 MB.
System memory in use after: 73.8 MB.

Unloading 40 unused Assets to reduce memory usage. Loaded Objects now: 2114.
Total: 7.730100 ms (FindLiveObjects: 0.268900 ms CreateObjectMapping: 0.051700 ms MarkObjects: 7.371900 ms  DeleteObjects: 0.036000 ms)

